Using pre-set license
Built from '2022.3/staging' branch; Version is '2022.3.49f1 (4dae1bb8668d) revision 5090843'; Using compiler version '192829333'; Build Type 'Release'
OS: 'Windows 10  (10.0.19045) 64bit Professional' Language: 'en' Physical Memory: 16105 MB
BatchMode: 1, IsHumanControllingUs: 0, StartBugReporterOnCrash: 0, Is64bit: 1, IsPro: 1

COMMAND LINE ARGUMENTS:
C:\Program Files\Unity\Hub\Editor\2022.3.49f1\Editor\Unity.exe
-adb2
-batchMode
-noUpm
-name
AssetImportWorker1
-projectPath
C:/Users/bitch/Documents/GitHub/MyFirstARProject/tema3
-logFile
Logs/AssetImportWorker1.log
-srvPort
64563
Successfully changed project path to: C:/Users/bitch/Documents/GitHub/MyFirstARProject/tema3
C:/Users/bitch/Documents/GitHub/MyFirstARProject/tema3
[UnityMemory] Configuration Parameters - Can be set up in boot.config
    "memorysetup-bucket-allocator-granularity=16"
    "memorysetup-bucket-allocator-bucket-count=8"
    "memorysetup-bucket-allocator-block-size=33554432"
    "memorysetup-bucket-allocator-block-count=8"
    "memorysetup-main-allocator-block-size=16777216"
    "memorysetup-thread-allocator-block-size=16777216"
    "memorysetup-gfx-main-allocator-block-size=16777216"
    "memorysetup-gfx-thread-allocator-block-size=16777216"
    "memorysetup-cache-allocator-block-size=4194304"
    "memorysetup-typetree-allocator-block-size=2097152"
    "memorysetup-profiler-bucket-allocator-granularity=16"
    "memorysetup-profiler-bucket-allocator-bucket-count=8"
    "memorysetup-profiler-bucket-allocator-block-size=33554432"
    "memorysetup-profiler-bucket-allocator-block-count=8"
    "memorysetup-profiler-allocator-block-size=16777216"
    "memorysetup-profiler-editor-allocator-block-size=1048576"
    "memorysetup-temp-allocator-size-main=16777216"
    "memorysetup-job-temp-allocator-block-size=2097152"
    "memorysetup-job-temp-allocator-block-size-background=1048576"
    "memorysetup-job-temp-allocator-reduction-small-platforms=262144"
    "memorysetup-allocator-temp-initial-block-size-main=262144"
    "memorysetup-allocator-temp-initial-block-size-worker=262144"
    "memorysetup-temp-allocator-size-background-worker=32768"
    "memorysetup-temp-allocator-size-job-worker=262144"
    "memorysetup-temp-allocator-size-preload-manager=33554432"
    "memorysetup-temp-allocator-size-nav-mesh-worker=65536"
    "memorysetup-temp-allocator-size-audio-worker=65536"
    "memorysetup-temp-allocator-size-cloud-worker=32768"
    "memorysetup-temp-allocator-size-gi-baking-worker=262144"
    "memorysetup-temp-allocator-size-gfx=262144"
Player connection [13976]  Target information:

Player connection [13976]  * "[IP] 192.168.56.1 [Port] 0 [Flags] 2 [Guid] 1378996928 [EditorId] 1378996928 [Version] 1048832 [Id] WindowsEditor(7,DESKTOP-BM1ENC8) [Debug] 1 [PackageName] WindowsEditor [ProjectName] Editor" 

Player connection [13976]  * "[IP] 10.10.100.86 [Port] 0 [Flags] 2 [Guid] 1378996928 [EditorId] 1378996928 [Version] 1048832 [Id] WindowsEditor(7,DESKTOP-BM1ENC8) [Debug] 1 [PackageName] WindowsEditor [ProjectName] Editor" 

Player connection [13976] Host joined multi-casting on [225.0.0.222:54997]...
Player connection [13976] Host joined alternative multi-casting on [225.0.0.222:34997]...
[PhysX] Initialized MultithreadedTaskDispatcher with 16 workers.
Refreshing native plugins compatible for Editor in 12.98 ms, found 9 plugins.
Preloading 0 native plugins for Editor in 0.00 ms.
Initialize engine version: 2022.3.49f1 (4dae1bb8668d)
[Subsystems] Discovering subsystems at path C:/Program Files/Unity/Hub/Editor/2022.3.49f1/Editor/Data/Resources/UnitySubsystems
[Subsystems] Discovering subsystems at path C:/Users/bitch/Documents/GitHub/MyFirstARProject/tema3/Assets
GfxDevice: creating device client; threaded=0; jobified=0
Direct3D:
    Version:  Direct3D 11.0 [level 11.1]
    Renderer: NVIDIA GeForce RTX 3050 Laptop GPU (ID=0x25a2)
    Vendor:   NVIDIA
    VRAM:     3964 MB
    Driver:   32.0.15.6070
Initialize mono
Mono path[0] = 'C:/Program Files/Unity/Hub/Editor/2022.3.49f1/Editor/Data/Managed'
Mono path[1] = 'C:/Program Files/Unity/Hub/Editor/2022.3.49f1/Editor/Data/MonoBleedingEdge/lib/mono/unityjit-win32'
Mono config path = 'C:/Program Files/Unity/Hub/Editor/2022.3.49f1/Editor/Data/MonoBleedingEdge/etc'
Using monoOptions --debugger-agent=transport=dt_socket,embedding=1,server=y,suspend=n,address=127.0.0.1:56180
Begin MonoManager ReloadAssembly
Registering precompiled unity dll's ...
Register platform support module: C:/Program Files/Unity/Hub/Editor/2022.3.49f1/Editor/Data/PlaybackEngines/WebGLSupport/UnityEditor.WebGL.Extensions.dll
Register platform support module: C:/Program Files/Unity/Hub/Editor/2022.3.49f1/Editor/Data/PlaybackEngines/AndroidPlayer/UnityEditor.Android.Extensions.dll
Register platform support module: C:/Program Files/Unity/Hub/Editor/2022.3.49f1/Editor/Data/PlaybackEngines/WindowsStandaloneSupport/UnityEditor.WindowsStandalone.Extensions.dll
Registered in 0.007805 seconds.
- Loaded All Assemblies, in  0.296 seconds
Native extension for WindowsStandalone target not found
Native extension for Android target not found
Android Extension - Scanning For ADB Devices 189 ms
Native extension for WebGL target not found
Mono: successfully reloaded assembly
- Finished resetting the current domain, in  0.455 seconds
Domain Reload Profiling: 750ms
	BeginReloadAssembly (90ms)
		ExecutionOrderSort (0ms)
		DisableScriptedObjects (0ms)
		BackupInstance (0ms)
		ReleaseScriptingObjects (0ms)
		CreateAndSetChildDomain (1ms)
	RebuildCommonClasses (28ms)
	RebuildNativeTypeToScriptingClass (9ms)
	initialDomainReloadingComplete (49ms)
	LoadAllAssembliesAndSetupDomain (120ms)
		LoadAssemblies (89ms)
		RebuildTransferFunctionScriptingTraits (0ms)
		AnalyzeDomain (118ms)
			TypeCache.Refresh (117ms)
				TypeCache.ScanAssembly (104ms)
			ScanForSourceGeneratedMonoScriptInfo (0ms)
			ResolveRequiredComponents (0ms)
	FinalizeReload (455ms)
		ReleaseScriptCaches (0ms)
		RebuildScriptCaches (0ms)
		SetupLoadedEditorAssemblies (418ms)
			LogAssemblyErrors (0ms)
			InitializePlatformSupportModulesInManaged (280ms)
			SetLoadedEditorAssemblies (4ms)
			RefreshPlugins (0ms)
			BeforeProcessingInitializeOnLoad (2ms)
			ProcessInitializeOnLoadAttributes (98ms)
			ProcessInitializeOnLoadMethodAttributes (34ms)
			AfterProcessingInitializeOnLoad (0ms)
			EditorAssembliesLoaded (0ms)
		ExecutionOrderSort2 (0ms)
		AwakeInstancesAfterBackupRestoration (0ms)
========================================================================
Worker process is ready to serve import requests
Caller must complete domain reload
Begin MonoManager ReloadAssembly
- Loaded All Assemblies, in  0.563 seconds
Native extension for WindowsStandalone target not found
Native extension for Android target not found
Native extension for WebGL target not found
Package Manager log level set to [2]
[Package Manager] Server::EnsureServerProcessIsRunning -- launch failed, reason: Unity was launched with the -noUpm command-line argument
[Package Manager] UpmClient::Send -- Unable to send message (not connected to UPM process).
[Package Manager] Cannot connect to Unity Package Manager local server
[Package Manager] Server::EnsureServerProcessIsRunning -- launch failed, reason: Unity was launched with the -noUpm command-line argument
[Package Manager] UpmClient::Send -- Unable to send message (not connected to UPM process).
[Package Manager] Cannot connect to Unity Package Manager local server
Mono: successfully reloaded assembly
[Package Manager] Server::EnsureServerProcessIsRunning -- launch failed, reason: Unity was launched with the -noUpm command-line argument
[Package Manager] UpmClient::Send -- Unable to send message (not connected to UPM process).
[Package Manager] Cannot connect to Unity Package Manager local server
[Package Manager] Server::EnsureServerProcessIsRunning -- launch failed, reason: Unity was launched with the -noUpm command-line argument
[Package Manager] UpmClient::Send -- Unable to send message (not connected to UPM process).
[Package Manager] Cannot connect to Unity Package Manager local server
- Finished resetting the current domain, in  0.622 seconds
Domain Reload Profiling: 1183ms
	BeginReloadAssembly (124ms)
		ExecutionOrderSort (0ms)
		DisableScriptedObjects (5ms)
		BackupInstance (0ms)
		ReleaseScriptingObjects (0ms)
		CreateAndSetChildDomain (19ms)
	RebuildCommonClasses (28ms)
	RebuildNativeTypeToScriptingClass (9ms)
	initialDomainReloadingComplete (34ms)
	LoadAllAssembliesAndSetupDomain (366ms)
		LoadAssemblies (262ms)
		RebuildTransferFunctionScriptingTraits (0ms)
		AnalyzeDomain (177ms)
			TypeCache.Refresh (156ms)
				TypeCache.ScanAssembly (139ms)
			ScanForSourceGeneratedMonoScriptInfo (16ms)
			ResolveRequiredComponents (4ms)
	FinalizeReload (622ms)
		ReleaseScriptCaches (0ms)
		RebuildScriptCaches (0ms)
		SetupLoadedEditorAssemblies (493ms)
			LogAssemblyErrors (0ms)
			InitializePlatformSupportModulesInManaged (17ms)
			SetLoadedEditorAssemblies (4ms)
			RefreshPlugins (0ms)
			BeforeProcessingInitializeOnLoad (64ms)
			ProcessInitializeOnLoadAttributes (345ms)
			ProcessInitializeOnLoadMethodAttributes (58ms)
			AfterProcessingInitializeOnLoad (5ms)
			EditorAssembliesLoaded (0ms)
		ExecutionOrderSort2 (0ms)
		AwakeInstancesAfterBackupRestoration (5ms)
Launched and connected shader compiler UnityShaderCompiler.exe after 0.03 seconds
Refreshing native plugins compatible for Editor in 9.01 ms, found 9 plugins.
Preloading 0 native plugins for Editor in 0.00 ms.
Unloading 3890 Unused Serialized files (Serialized files now loaded: 0)
Unloading 70 unused Assets / (80.7 KB). Loaded Objects now: 4353.
Memory consumption went from 137.5 MB to 137.4 MB.
Total: 3.439500 ms (FindLiveObjects: 0.314400 ms CreateObjectMapping: 0.132200 ms MarkObjects: 2.843400 ms  DeleteObjects: 0.148500 ms)

AssetImportParameters requested are different than current active one (requested -> active):
  custom:container-demuxer-ogg: 62fdf1f143b41e24485cea50d1cbac27 -> 
  custom:video-decoder-ogg-theora: a1e56fd34408186e4bbccfd4996cb3dc -> 
  custom:framework-win-MediaFoundation: 216162199b28c13a410421893ffa2e32 -> 
  custom:CustomObjectIndexerAttribute: 9a22284fe3817be447336de3de66b15e -> 
  custom:container-demuxer-webm: 4f35f7cbe854078d1ac9338744f61a02 -> 
  custom:container-muxer-webm: aa71ff27fc2769a1b78a27578f13a17b -> 
  custom:video-decoder-webm-vp8: 9c59270c3fd7afecdb556c50c9e8de78 -> 
  custom:SearchIndexIgnoredProperties: e643bd26f0fe6173181afceb89e7c659 -> 
  custom:AudioImporter_EditorPlatform: d09bf68614088b80899f8185d706f6e7 -> 
  custom:video-encoder-webm-vp8: eb34c28f22e8b96e1ab97ce403110664 -> 
  custom:audio-decoder-ogg-vorbis: bf7c407c2cedff20999df2af8eb42d56 -> 
  custom:audio-encoder-webm-vorbis: bf7c407c2cedff20999df2af8eb42d56 -> 
========================================================================
Received Import Request.
  Time since last request: 3274.040227 seconds.
  path: Assets/XR/XRGeneralSettingsPerBuildTarget.asset
  artifactKey: Guid(670b47222e0a73c4aa13e2a96d6aec90) Importer(815301076,1909f56bfc062723c751e8b465ee728b)
Start importing Assets/XR/XRGeneralSettingsPerBuildTarget.asset using Guid(670b47222e0a73c4aa13e2a96d6aec90) Importer(815301076,1909f56bfc062723c751e8b465ee728b) [PhysX] Initialized MultithreadedTaskDispatcher with 16 workers.
 -> (artifact id: 'a3462a9d80c1828cb764f5077f373542') in 0.012343 seconds
Number of updated asset objects reloaded before import = 0
Number of asset objects unloaded after import = 0
========================================================================
Received Prepare
Caller must complete domain reload
Begin MonoManager ReloadAssembly
- Loaded All Assemblies, in  0.486 seconds
Native extension for WindowsStandalone target not found
Native extension for Android target not found
Native extension for WebGL target not found
[Package Manager] Server::EnsureServerProcessIsRunning -- launch failed, reason: Unity was launched with the -noUpm command-line argument
[Package Manager] UpmClient::Send -- Unable to send message (not connected to UPM process).
[Package Manager] Cannot connect to Unity Package Manager local server
[Package Manager] Server::EnsureServerProcessIsRunning -- launch failed, reason: Unity was launched with the -noUpm command-line argument
[Package Manager] UpmClient::Send -- Unable to send message (not connected to UPM process).
[Package Manager] Cannot connect to Unity Package Manager local server
Mono: successfully reloaded assembly
[Package Manager] Server::EnsureServerProcessIsRunning -- launch failed, reason: Unity was launched with the -noUpm command-line argument
[Package Manager] UpmClient::Send -- Unable to send message (not connected to UPM process).
[Package Manager] Cannot connect to Unity Package Manager local server
- Finished resetting the current domain, in  0.801 seconds
Domain Reload Profiling: 1284ms
	BeginReloadAssembly (146ms)
		ExecutionOrderSort (0ms)
		DisableScriptedObjects (3ms)
		BackupInstance (0ms)
		ReleaseScriptingObjects (0ms)
		CreateAndSetChildDomain (39ms)
	RebuildCommonClasses (29ms)
	RebuildNativeTypeToScriptingClass (11ms)
	initialDomainReloadingComplete (26ms)
	LoadAllAssembliesAndSetupDomain (270ms)
		LoadAssemblies (246ms)
		RebuildTransferFunctionScriptingTraits (0ms)
		AnalyzeDomain (96ms)
			TypeCache.Refresh (77ms)
				TypeCache.ScanAssembly (67ms)
			ScanForSourceGeneratedMonoScriptInfo (13ms)
			ResolveRequiredComponents (4ms)
	FinalizeReload (801ms)
		ReleaseScriptCaches (0ms)
		RebuildScriptCaches (0ms)
		SetupLoadedEditorAssemblies (439ms)
			LogAssemblyErrors (0ms)
			InitializePlatformSupportModulesInManaged (16ms)
			SetLoadedEditorAssemblies (3ms)
			RefreshPlugins (0ms)
			BeforeProcessingInitializeOnLoad (58ms)
			ProcessInitializeOnLoadAttributes (319ms)
			ProcessInitializeOnLoadMethodAttributes (39ms)
			AfterProcessingInitializeOnLoad (5ms)
			EditorAssembliesLoaded (0ms)
		ExecutionOrderSort2 (0ms)
		AwakeInstancesAfterBackupRestoration (6ms)
Refreshing native plugins compatible for Editor in 7.51 ms, found 9 plugins.
Preloading 0 native plugins for Editor in 0.00 ms.
Unloading 3879 Unused Serialized files (Serialized files now loaded: 0)
Unloading 63 unused Assets / (54.3 KB). Loaded Objects now: 4358.
Memory consumption went from 135.8 MB to 135.8 MB.
Total: 2.903700 ms (FindLiveObjects: 0.252400 ms CreateObjectMapping: 0.084400 ms MarkObjects: 2.477900 ms  DeleteObjects: 0.088100 ms)

Prepare: number of updated asset objects reloaded= 42
AssetImportParameters requested are different than current active one (requested -> active):
  custom:container-demuxer-ogg: 62fdf1f143b41e24485cea50d1cbac27 -> 
  custom:video-decoder-ogg-theora: a1e56fd34408186e4bbccfd4996cb3dc -> 
  custom:framework-win-MediaFoundation: 216162199b28c13a410421893ffa2e32 -> 
  custom:CustomObjectIndexerAttribute: 9a22284fe3817be447336de3de66b15e -> 
  custom:container-demuxer-webm: 4f35f7cbe854078d1ac9338744f61a02 -> 
  custom:container-muxer-webm: aa71ff27fc2769a1b78a27578f13a17b -> 
  custom:video-decoder-webm-vp8: 9c59270c3fd7afecdb556c50c9e8de78 -> 
  custom:SearchIndexIgnoredProperties: e643bd26f0fe6173181afceb89e7c659 -> 
  custom:AudioImporter_EditorPlatform: d09bf68614088b80899f8185d706f6e7 -> 
  custom:video-encoder-webm-vp8: eb34c28f22e8b96e1ab97ce403110664 -> 
  custom:audio-decoder-ogg-vorbis: bf7c407c2cedff20999df2af8eb42d56 -> 
  custom:audio-encoder-webm-vorbis: bf7c407c2cedff20999df2af8eb42d56 -> 
========================================================================
Received Prepare
Caller must complete domain reload
Begin MonoManager ReloadAssembly
- Loaded All Assemblies, in  2.067 seconds
Native extension for WindowsStandalone target not found
Native extension for Android target not found
Native extension for WebGL target not found
[Package Manager] Server::EnsureServerProcessIsRunning -- launch failed, reason: Unity was launched with the -noUpm command-line argument
[Package Manager] UpmClient::Send -- Unable to send message (not connected to UPM process).
[Package Manager] Cannot connect to Unity Package Manager local server
[Package Manager] Server::EnsureServerProcessIsRunning -- launch failed, reason: Unity was launched with the -noUpm command-line argument
[Package Manager] UpmClient::Send -- Unable to send message (not connected to UPM process).
[Package Manager] Cannot connect to Unity Package Manager local server
Mono: successfully reloaded assembly
[Package Manager] Server::EnsureServerProcessIsRunning -- launch failed, reason: Unity was launched with the -noUpm command-line argument
[Package Manager] UpmClient::Send -- Unable to send message (not connected to UPM process).
[Package Manager] Cannot connect to Unity Package Manager local server
- Finished resetting the current domain, in  7.492 seconds
Domain Reload Profiling: 9557ms
	BeginReloadAssembly (134ms)
		ExecutionOrderSort (0ms)
		DisableScriptedObjects (3ms)
		BackupInstance (0ms)
		ReleaseScriptingObjects (0ms)
		CreateAndSetChildDomain (32ms)
	RebuildCommonClasses (27ms)
	RebuildNativeTypeToScriptingClass (10ms)
	initialDomainReloadingComplete (24ms)
	LoadAllAssembliesAndSetupDomain (1869ms)
		LoadAssemblies (1906ms)
		RebuildTransferFunctionScriptingTraits (0ms)
		AnalyzeDomain (30ms)
			TypeCache.Refresh (10ms)
				TypeCache.ScanAssembly (2ms)
			ScanForSourceGeneratedMonoScriptInfo (13ms)
			ResolveRequiredComponents (5ms)
	FinalizeReload (7492ms)
		ReleaseScriptCaches (0ms)
		RebuildScriptCaches (0ms)
		SetupLoadedEditorAssemblies (589ms)
			LogAssemblyErrors (0ms)
			InitializePlatformSupportModulesInManaged (15ms)
			SetLoadedEditorAssemblies (3ms)
			RefreshPlugins (0ms)
			BeforeProcessingInitializeOnLoad (58ms)
			ProcessInitializeOnLoadAttributes (313ms)
			ProcessInitializeOnLoadMethodAttributes (195ms)
			AfterProcessingInitializeOnLoad (6ms)
			EditorAssembliesLoaded (0ms)
		ExecutionOrderSort2 (0ms)
		AwakeInstancesAfterBackupRestoration (7ms)
Refreshing native plugins compatible for Editor in 9.86 ms, found 10 plugins.
Preloading 0 native plugins for Editor in 0.00 ms.
Unloading 4097 Unused Serialized files (Serialized files now loaded: 0)
Unloading 70 unused Assets / (58.0 KB). Loaded Objects now: 4574.
Memory consumption went from 140.7 MB to 140.6 MB.
Total: 3.479200 ms (FindLiveObjects: 0.289500 ms CreateObjectMapping: 0.136900 ms MarkObjects: 2.952500 ms  DeleteObjects: 0.099300 ms)

Prepare: number of updated asset objects reloaded= 39
AssetImportParameters requested are different than current active one (requested -> active):
  custom:scripting/monoscript/fileName/XRHandSubsystemDescriptor.cs: 8fc8308b83c351d004f1cdc61ac89877 -> 
  custom:scripting/monoscript/fileName/uint3x3.gen.cs: b354ea0e62ee3ca695eba400f73bf8a2 -> 
  custom:scripting/monoscript/fileName/double4.gen.cs: c861322ff5ab8c01e3e4b508791cf124 -> 
  custom:scripting/monoscript/fileName/rigid_transform.cs: 36bbdd985ffacdf5ee0745cfd3a1f08d -> 
  custom:scripting/monoscript/fileName/PropertyAttributes.cs: f9be6ff8022c2b7e9364b782f234d192 -> 
  custom:scripting/monoscript/fileName/XRHandSkeletonDriverEditor.cs: caf0e24f344854b7cc27ca3319d7777b -> 
  custom:scripting/monoscript/fileName/uint4x4.gen.cs: 7732c53bd697b7eb03dd735297da0fc1 -> 
  custom:container-demuxer-ogg: 62fdf1f143b41e24485cea50d1cbac27 -> 
  custom:scripting/monoscript/fileName/int2.gen.cs: ba08380188673eb89fbe6c63125635e5 -> 
  custom:scripting/monoscript/fileName/int4.gen.cs: 6202c51352f8408238811f81cf17884b -> 
  custom:scripting/monoscript/fileName/noise3D.cs: 2eb29bf877494e27d7b8d68303a33727 -> 
  custom:scripting/monoscript/fileName/IXRHandProcessor.cs: 4b007234d59c720c71a162c8aecc7e8b -> 
  custom:scripting/monoscript/fileName/XRHandSubsystem.cs: cce6a52f7ecfbaa3b1c83aac0e79f949 -> 
  custom:scripting/monoscript/fileName/float4x2.gen.cs: a70cf4e9d29e9357ba0e68d3ee43ce34 -> 
  custom:scripting/monoscript/fileName/XRHandTrackingEventsEditor.cs: 457813090f21a949828c4debe70cdb9a -> 
  custom:scripting/monoscript/fileName/XRHandMeshController.cs: 3bb5a4f8745ff5e091f329133fdd04cc -> 
  custom:scripting/monoscript/fileName/half3.gen.cs: 935b3c49f9c5126f28352e4a48406e0a -> 
  custom:scripting/monoscript/fileName/uint2x4.gen.cs: 817d68c720fa6aa9b67a61d7c1b206d0 -> 
  custom:video-decoder-ogg-theora: a1e56fd34408186e4bbccfd4996cb3dc -> 
  custom:scripting/monoscript/fileName/bool4.gen.cs: ca7c0171e1585aef1c2900b66db0977a -> 
  custom:scripting/monoscript/fileName/float4x3.gen.cs: 82da2e74a1c9948cc673acd7425c23e5 -> 
  custom:scripting/monoscript/fileName/float3x4.gen.cs: f425eda36f0a9a6a9785ce693ab31c65 -> 
  custom:scripting/monoscript/fileName/bool4x4.gen.cs: 832d1ba72f52e457d65ecd6ca1ba2b2e -> 
  custom:scripting/monoscript/fileName/math_unity_conversion.cs: 717272b42fdbca1935830b3071b2da3c -> 
  custom:framework-win-MediaFoundation: 216162199b28c13a410421893ffa2e32 -> 
  custom:scripting/monoscript/fileName/BaseXRHandsEditor.cs: a8d271c6e691cdaad1d19054786feae9 -> 
  custom:scripting/monoscript/fileName/double3x3.gen.cs: cf2bca4cc9e8b93d47929417a1a999f7 -> 
  custom:scripting/monoscript/fileName/double3x2.gen.cs: 87fbe5b4a5a90e3c915d83933bb7a691 -> 
  custom:scripting/monoscript/fileName/bool3x2.gen.cs: 6ad67e842e9f001f4905675e041c0394 -> 
  custom:scripting/monoscript/fileName/XRHandSkeletonDriver.cs: a94537efa9fbd44b583cc72c547f79b6 -> 
  custom:scripting/monoscript/fileName/XRHandTrackingEvents.cs: e7098a4b48df68ed2c13428b82f2ab35 -> 
  custom:scripting/precompiled-assembly-types:Unity.XR.Hands: 465121768d4ae6dfa1e3a1c4d504fcd1 -> 
  custom:scripting/monoscript/fileName/half2.gen.cs: a6f90a50ab057fcfbb93f80dff9467ec -> 
  custom:scripting/monoscript/fileName/MetaHandTrackingAim.deprecated.cs: 0cdf409b5aa8d4c25876d72b5c6a3b60 -> 
  custom:scripting/monoscript/fileName/Il2CppEagerStaticClassConstructionAttribute.cs: 5ae90a36296d2fe83dd98e9361e907e8 -> 
  custom:scripting/monoscript/fileName/cellular2x2.cs: 2eb29bf877494e27d7b8d68303a33727 -> 
  custom:scripting/monoscript/fileName/half.cs: cf3f2b0bcee127ccdac6d87167bcc406 -> 
  custom:scripting/monoscript/fileName/MetaAim.cs: 3fee3cb2a2deaca4b4454ffabc6c25d0 -> 
  custom:scripting/monoscript/fileName/noise3Dgrad.cs: 2eb29bf877494e27d7b8d68303a33727 -> 
  custom:scripting/monoscript/fileName/bool4x2.gen.cs: 5e92d30f937bc7e4e4a07b2b81c06b27 -> 
  custom:scripting/monoscript/fileName/XRHandRelativeOrientation.cs: d8845917353218514ff113600da2219a -> 
  custom:scripting/monoscript/fileName/Plane.cs: 69547098044c0683a5ff9d9b8674a0ba -> 
  custom:CustomObjectIndexerAttribute: 9a22284fe3817be447336de3de66b15e -> 
  custom:scripting/monoscript/fileName/classicnoise3D.cs: 2eb29bf877494e27d7b8d68303a33727 -> 
  custom:scripting/monoscript/fileName/MinMaxAABB.cs: 87e440667b74c17b186d7505988d93e6 -> 
  custom:scripting/monoscript/fileName/XRHandSubsystemProvider.cs: 56e861151abf40d6bce328a415ffdad5 -> 
  custom:scripting/monoscript/fileName/double2x2.gen.cs: 1b24b88380b01d73274245c8a3f891ca -> 
  custom:scripting/monoscript/fileName/float2x2.gen.cs: f203c6ed52cbda2033cd1859a76ab02f -> 
  custom:container-demuxer-webm: 4f35f7cbe854078d1ac9338744f61a02 -> 
  custom:scripting/monoscript/fileName/bool2x4.gen.cs: 0202187d1d97b3838c3acec749a94370 -> 
  custom:scripting/monoscript/fileName/uint2x3.gen.cs: dc149d5147f76ef2e3b7b3e87df71cde -> 
  custom:scripting/monoscript/fileName/classicnoise4D.cs: 2eb29bf877494e27d7b8d68303a33727 -> 
  custom:scripting/monoscript/fileName/int4x3.gen.cs: 8504016f71ab8b36158b7cb8a5461a8b -> 
  custom:scripting/monoscript/fileName/classicnoise2D.cs: 2eb29bf877494e27d7b8d68303a33727 -> 
  custom:scripting/monoscript/fileName/MatrixDrawer.cs: 54f407ec7134aa445531b0da7f5e0ded -> 
  custom:scripting/monoscript/fileName/float2x4.gen.cs: 8f6e3792d53a47d3e0816efd26cbabde -> 
  custom:scripting/monoscript/fileName/matrix.gen.cs: 8040951fec6b586df3a34908a47f7536 -> 
  custom:scripting/monoscript/fileName/PostNormalizedVectorDrawer.cs: 1e9cc5a1d5ea64a4691d9edff2f31467 -> 
  custom:scripting/monoscript/fileName/int2x4.gen.cs: 5edaa4c8e18b723d836f4e66d7a2ad24 -> 
  custom:scripting/monoscript/fileName/XRHandProviderUtility.cs: ada01f841a5bea721f0cf2006d549c0f -> 
  custom:scripting/monoscript/fileName/double2.gen.cs: 9fcc709faf542a3c28101e289489d3c3 -> 
  custom:scripting/monoscript/fileName/XRFingerShapeCondition.cs: 9f8a77e7e214750aef105ac235d709cf -> 
  custom:scripting/monoscript/fileName/XRHandSkeletonDriverUtility.cs: 361dff05ffecd6a6307e1658d5105f6f -> 
  custom:scripting/monoscript/fileName/bool2x2.gen.cs: 4649c574bdda23c59b5d49d1b662bc61 -> 
  custom:scripting/monoscript/fileName/uint3x2.gen.cs: e9ed99b7eae876425b9236af5d545e3a -> 
  custom:scripting/precompiled-assembly-types:Unity.Mathematics: eda48956a0bece48f802264722748d9b -> 
  custom:scripting/monoscript/fileName/int2x2.gen.cs: 63739a46f5092b211c341383068e9d3a -> 
  custom:scripting/monoscript/fileName/uint3.gen.cs: 2439c557987b3f1dafd36143ddfb8c40 -> 
  custom:scripting/monoscript/fileName/double4x4.gen.cs: d67599d4a9300cb241e4695cd70324ae -> 
  custom:scripting/monoscript/fileName/XRHandDevice.cs: cacb17c4f08d3e689d973730f12b2fe5 -> 
  custom:container-muxer-webm: aa71ff27fc2769a1b78a27578f13a17b -> 
  custom:scripting/monoscript/fileName/XRFingerShapeConfiguration.cs: 51cebcc1a7a721478f666b57ed597bfe -> 
  custom:scripting/monoscript/fileName/bool2x3.gen.cs: c45708c9bd53a8b7f658164314a10c61 -> 
  custom:scripting/monoscript/fileName/XRHandJointsUpdatedEventArgs.cs: 839a1abe88068fde13fc7e5db800cc94 -> 
  custom:scripting/monoscript/fileName/math.cs: 3e1f77dfafdda862ef1fdae58189cdb5 -> 
  custom:scripting/monoscript/fileName/double4x3.gen.cs: 0f480b77cbe2235a6a07fec4a8104303 -> 
  custom:video-decoder-webm-vp8: 9c59270c3fd7afecdb556c50c9e8de78 -> 
  custom:scripting/monoscript/fileName/float3.gen.cs: 61e461104f30d07064c299c5ac2c9a3e -> 
  custom:scripting/monoscript/fileName/XRHandProviderUtility.deprecated.cs: 3b131c4273bf0804850beca6c4cbfe0d -> 
  custom:scripting/monoscript/fileName/int3.gen.cs: f3e7aece5ea81aaaacfae8f3b0dbf645 -> 
  custom:scripting/monoscript/fileName/XRCommonHandGestures.cs: b079a5971d1ed6861ff32bd574ea61f7 -> 
  custom:scripting/monoscript/fileName/int3x3.gen.cs: dc1405f0f1704a2ec1efb4946b5d5f85 -> 
  custom:scripting/monoscript/fileName/quaternion.cs: 0762c6482396ed4f34408952c0956647 -> 
  custom:scripting/monoscript/fileName/int4x4.gen.cs: e1c5029dddb71a1513ebdf470db7528e -> 
  custom:scripting/monoscript/fileName/float4x4.gen.cs: a5bb36679a244217e37dd9fb5d3d2ed4 -> 
  custom:SearchIndexIgnoredProperties: e643bd26f0fe6173181afceb89e7c659 -> 
  custom:scripting/monoscript/fileName/double3x4.gen.cs: d3f6959e28d6480d7d5313a2c890e5a1 -> 
  custom:scripting/monoscript/fileName/bool4x3.gen.cs: 3b9b4adbcec8eec926ee3ca5bd1a9e49 -> 
  custom:AudioImporter_EditorPlatform: d09bf68614088b80899f8185d706f6e7 -> 
  custom:scripting/monoscript/fileName/XRHandProcessingUtility.cs: 1f1cc37d4d6243e68655bb128961b59a -> 
  custom:scripting/monoscript/fileName/half4.gen.cs: abea9356568c8480c38dd790db58969d -> 
  custom:scripting/monoscript/fileName/uint4x3.gen.cs: b01c5cd7a56bd5c67682617427bf7881 -> 
  custom:scripting/monoscript/fileName/XRFingerShape.cs: c41aee5172ccf6470e4cd8ae53066d4a -> 
  custom:scripting/monoscript/fileName/XRHandOrientationUtility.cs: 4b0f927202509c86d7a78fa17299a608 -> 
  custom:scripting/monoscript/fileName/noise2D.cs: 2eb29bf877494e27d7b8d68303a33727 -> 
  custom:scripting/monoscript/fileName/bool2.gen.cs: 26e96b66e2dc8fbd46eb4ce6284c510a -> 
  custom:scripting/monoscript/fileName/bool3.gen.cs: 5af2629b3ff9dbb3bbfcc70064a35529 -> 
  custom:scripting/monoscript/fileName/uint4x2.gen.cs: b7591412c0d582e5dffe67f85a90dd0a -> 
  custom:scripting/monoscript/fileName/int3x2.gen.cs: 3713def57441460b7d8181bf2ebb068b -> 
  custom:scripting/monoscript/fileName/random.cs: 773187f16d25a3763332e4d0e08067fb -> 
  custom:scripting/monoscript/fileName/XRHandShape.cs: 19dfc75c596738b72d119327f3916a15 -> 
  custom:scripting/monoscript/fileName/float4.gen.cs: b782c632ec38515e69077afe722e950b -> 
  custom:scripting/monoscript/fileName/uint3x4.gen.cs: 85b37160b72ca5d09aa390a0ed4ac5d3 -> 
  custom:scripting/monoscript/fileName/XRHandPose.cs: 27ef765d76950ebe336c7873605587f6 -> 
  custom:scripting/monoscript/fileName/float3x2.gen.cs: c82cdc670988a624afef0b4a59da9960 -> 
  custom:scripting/monoscript/fileName/int4x2.gen.cs: 03019ae5b6ae2c22f6bcc41f109a6f3f -> 
  custom:scripting/precompiled-assembly-types:Unity.XR.Hands.Editor: 139cd99e105bc66fede7b2d49aa623c5 -> 
  custom:scripting/monoscript/fileName/double3.gen.cs: 377c7acd7948bf71aea5d8cf8236ee9b -> 
  custom:scripting/monoscript/fileName/XRHandJoint.cs: 0c41b91f75c823c214b6b2570f979c1b -> 
  custom:scripting/monoscript/fileName/uint2.gen.cs: f442e48493395c3c057fa324c1ed7700 -> 
  custom:scripting/monoscript/fileName/float2x3.gen.cs: dd8be2164b904b64628efafb474868f4 -> 
  custom:scripting/monoscript/fileName/cellular2x2x2.cs: 2eb29bf877494e27d7b8d68303a33727 -> 
  custom:scripting/monoscript/fileName/matrix.cs: 17bd875ecbf69296bc7f1415237b5bf7 -> 
  custom:video-encoder-webm-vp8: eb34c28f22e8b96e1ab97ce403110664 -> 
  custom:scripting/monoscript/fileName/XRHand.cs: 975d9bc94476df585047a2b43a591f0c -> 
  custom:scripting/monoscript/fileName/cellular3D.cs: 2eb29bf877494e27d7b8d68303a33727 -> 
  custom:scripting/monoscript/fileName/bool3x4.gen.cs: dd64119ecce8747c9d345fc62ed63bff -> 
  custom:audio-decoder-ogg-vorbis: bf7c407c2cedff20999df2af8eb42d56 -> 
  custom:scripting/monoscript/fileName/int2x3.gen.cs: 377af658550da76bc0efa7c5a755eb90 -> 
  custom:scripting/monoscript/fileName/XRHelpURLConstants.cs: b95d9cdac91b2a7649e8a1b1a59b91f5 -> 
  custom:scripting/monoscript/fileName/double2x4.gen.cs: 685c5fa921181be1c5c2624181389ad3 -> 
  custom:scripting/monoscript/fileName/uint4.gen.cs: 39973cd09553f87c6828ba478621c98d -> 
  custom:scripting/precompiled-assembly-types:Unity.Mathematics.Editor: 067e2f26d70b07279a04fc60a0f0bbd6 -> 
  custom:scripting/monoscript/fileName/cellular2D.cs: 2eb29bf877494e27d7b8d68303a33727 -> 
  custom:scripting/monoscript/fileName/double2x3.gen.cs: 2fbeb18c538397a8260f5c41cab0741e -> 
  custom:scripting/monoscript/fileName/int3x4.gen.cs: 8460bfcadb3ac350c26daa6b9595294c -> 
  custom:scripting/monoscript/fileName/noise4D.cs: 2eb29bf877494e27d7b8d68303a33727 -> 
  custom:scripting/monoscript/fileName/psrdnoise2D.cs: 2eb29bf877494e27d7b8d68303a33727 -> 
  custom:scripting/monoscript/fileName/Enums.cs: f57a8de2bbdce64e12a5f7fbc7fbbde3 -> 
  custom:scripting/monoscript/fileName/MetaHandTrackingAim.cs: f1c82071354fa27a1024cbbcf64f695b -> 
  custom:scripting/monoscript/fileName/ModifyAndroidManifest.cs: bee6ef0afd024007d5a593cae1b1ae4f -> 
  custom:scripting/monoscript/fileName/QuaternionDrawer.cs: 11323f18a038f5e869f0b55e53c54a31 -> 
  custom:scripting/monoscript/fileName/XRFingerShapeMath.cs: 788f9ea907cd4861b225ea55dfae8dc5 -> 
  custom:scripting/monoscript/fileName/common.cs: 2eb29bf877494e27d7b8d68303a33727 -> 
  custom:audio-encoder-webm-vorbis: bf7c407c2cedff20999df2af8eb42d56 -> 
  custom:scripting/monoscript/fileName/uint2x2.gen.cs: ef58eafb69337704525106c30b2f9c86 -> 
  custom:scripting/monoscript/fileName/float3x3.gen.cs: 48f350102ac697de2455487383306e62 -> 
  custom:scripting/monoscript/fileName/HandTracking.cs: d64734959a627ffb178c4af3df9dc8c2 -> 
  custom:scripting/monoscript/fileName/float2.gen.cs: 6120954cdb3e1af6bb1e798ca56424e4 -> 
  custom:scripting/monoscript/fileName/bool3x3.gen.cs: f3dd982fcc1d0b33ec635c43c306a1b8 -> 
  custom:scripting/monoscript/fileName/OpenXRHandProvider.cs: 60784f1419190eaed6442636cd03c99b -> 
  custom:scripting/monoscript/fileName/double4x2.gen.cs: 530f8410a1ca9a96d8c16e723573cfae -> 
  custom:scripting/monoscript/fileName/XRHandSubsystem.deprecated.cs: cce6a52f7ecfbaa3b1c83aac0e79f949 -> 
  custom:scripting/monoscript/fileName/PrimitiveVectorDrawer.cs: 3e4cc385215599322653e09117c642ee -> 
  custom:scripting/monoscript/fileName/MetaAim.deprecated.cs: 3fee3cb2a2deaca4b4454ffabc6c25d0 -> 
